<?xml version="1.0" encoding="UTF-8"?>
<!-- Generated by org.testng.reporters.JUnitReportReporter -->
<testsuite hostname="DESKTOP-ABUARE4" failures="0" tests="1" name="api.tests.JSONSchemaValidation" time="3.859" errors="0" timestamp="2024-07-22T22:58:13 EDT" skipped="0">
  <testcase classname="api.tests.JSONSchemaValidation" name="schemaValidation" time="3.859"/>
  <system-out/>
</testsuite> <!-- api.tests.JSONSchemaValidation -->
