<?xml version="1.0" encoding="UTF-8"?>
<!-- Generated by org.testng.reporters.JUnitReportReporter -->
<testsuite hostname="DESKTOP-ABUARE4" failures="0" tests="1" name="api.tests.ReqResTests" time="5.912" errors="0" timestamp="2024-07-22T21:28:49 EDT" skipped="0">
  <testcase classname="api.tests.ReqResTests" name="getUsers" time="5.912"/>
  <system-out/>
</testsuite> <!-- api.tests.ReqResTests -->
