<?xml version="1.0" encoding="UTF-8"?>
<!-- Generated by org.testng.reporters.JUnitReportReporter -->
<testsuite hostname="DESKTOP-ABUARE4" failures="0" tests="1" name="api.tests.Authentications" time="2.787" errors="0" timestamp="2024-07-23T00:27:41 EDT" skipped="0">
  <testcase classname="api.tests.Authentications" name="bearer_auth" time="2.787"/>
  <system-out/>
</testsuite> <!-- api.tests.Authentications -->
