<?xml version="1.0" encoding="UTF-8"?>
<!-- Generated by org.testng.reporters.JUnitReportReporter -->
<testsuite hostname="DESKTOP-ABUARE4" failures="0" tests="1" name="api.tests.XMLParsing" time="2.191" errors="0" timestamp="2024-07-22T23:01:34 EDT" skipped="0">
  <testcase classname="api.tests.XMLParsing" name="getResponse" time="2.191"/>
  <system-out/>
</testsuite> <!-- api.tests.XMLParsing -->
