<?xml version="1.0" encoding="UTF-8"?>
<!-- Generated by org.testng.reporters.JUnitReportReporter -->
<testsuite hostname="DESKTOP-ABUARE4" failures="0" tests="12" name="api.tests.DataDrivenUserTests" time="12.561" errors="0" timestamp="2024-07-20T16:20:19 EDT" skipped="0">
  <testcase classname="api.tests.DataDrivenUserTests" name="testCreateUser" time="3.627"/>
  <system-out/>
  <testcase classname="api.tests.DataDrivenUserTests" name="testCreateUser" time="0.329"/>
  <system-out/>
  <testcase classname="api.tests.DataDrivenUserTests" name="testCreateUser" time="0.543"/>
  <system-out/>
  <testcase classname="api.tests.DataDrivenUserTests" name="testGetUserByName" time="0.319"/>
  <system-out/>
  <testcase classname="api.tests.DataDrivenUserTests" name="testGetUserByName" time="0.533"/>
  <system-out/>
  <testcase classname="api.tests.DataDrivenUserTests" name="testGetUserByName" time="0.331"/>
  <system-out/>
  <testcase classname="api.tests.DataDrivenUserTests" name="testUpdateUser" time="1.273"/>
  <system-out/>
  <testcase classname="api.tests.DataDrivenUserTests" name="testUpdateUser" time="2.162"/>
  <system-out/>
  <testcase classname="api.tests.DataDrivenUserTests" name="testUpdateUser" time="0.959"/>
  <system-out/>
  <testcase classname="api.tests.DataDrivenUserTests" name="testDeleteUser" time="0.917"/>
  <system-out/>
  <testcase classname="api.tests.DataDrivenUserTests" name="testDeleteUser" time="0.845"/>
  <system-out/>
  <testcase classname="api.tests.DataDrivenUserTests" name="testDeleteUser" time="0.723"/>
  <system-out/>
</testsuite> <!-- api.tests.DataDrivenUserTests -->
