<?xml version="1.0" encoding="UTF-8"?>
<!-- Generated by org.testng.reporters.JUnitReportReporter -->
<testsuite hostname="DESKTOP-ABUARE4" failures="0" tests="4" name="api.tests.UserTests" time="5.468" errors="0" timestamp="2024-07-24T18:31:01 EDT" skipped="0">
  <testcase classname="api.tests.UserTests" name="testCreateUser" time="3.113"/>
  <system-out/>
  <testcase classname="api.tests.UserTests" name="testGetUserByName" time="0.253"/>
  <system-out/>
  <testcase classname="api.tests.UserTests" name="testUpdateUser" time="1.697"/>
  <system-out/>
  <testcase classname="api.tests.UserTests" name="testDeleteser" time="0.405"/>
  <system-out/>
</testsuite> <!-- api.tests.UserTests -->
