<?xml version="1.0" encoding="UTF-8"?>
<!-- Generated by org.testng.reporters.JUnitReportReporter -->
<testsuite hostname="DESKTOP-ABUARE4" failures="0" tests="12" name="api.tests.DataDrivenUserTests" time="4.312" errors="0" timestamp="2024-07-24T18:31:01 EDT" skipped="0">
  <testcase classname="api.tests.DataDrivenUserTests" name="testCreateUser" time="0.195"/>
  <system-out/>
  <testcase classname="api.tests.DataDrivenUserTests" name="testCreateUser" time="0.230"/>
  <system-out/>
  <testcase classname="api.tests.DataDrivenUserTests" name="testCreateUser" time="0.200"/>
  <system-out/>
  <testcase classname="api.tests.DataDrivenUserTests" name="testGetUserByName" time="0.204"/>
  <system-out/>
  <testcase classname="api.tests.DataDrivenUserTests" name="testGetUserByName" time="0.182"/>
  <system-out/>
  <testcase classname="api.tests.DataDrivenUserTests" name="testGetUserByName" time="0.179"/>
  <system-out/>
  <testcase classname="api.tests.DataDrivenUserTests" name="testUpdateUser" time="0.489"/>
  <system-out/>
  <testcase classname="api.tests.DataDrivenUserTests" name="testUpdateUser" time="0.615"/>
  <system-out/>
  <testcase classname="api.tests.DataDrivenUserTests" name="testUpdateUser" time="0.467"/>
  <system-out/>
  <testcase classname="api.tests.DataDrivenUserTests" name="testDeleteUser" time="0.421"/>
  <system-out/>
  <testcase classname="api.tests.DataDrivenUserTests" name="testDeleteUser" time="0.587"/>
  <system-out/>
  <testcase classname="api.tests.DataDrivenUserTests" name="testDeleteUser" time="0.543"/>
  <system-out/>
</testsuite> <!-- api.tests.DataDrivenUserTests -->
