<?xml version="1.0" encoding="UTF-8"?>
<!-- Generated by org.testng.reporters.JUnitReportReporter -->
<testsuite hostname="DESKTOP-ABUARE4" failures="0" tests="6" name="api.tests.ReqResTests" time="1.180" errors="0" timestamp="2024-07-24T18:30:18 EDT" skipped="0">
  <testcase classname="api.tests.ReqResTests" name="parseJSONResponseDataUsingTestngAssertions" time="0.119"/>
  <system-out/>
  <testcase classname="api.tests.ReqResTests" name="getUsers" time="0.088"/>
  <system-out/>
  <testcase classname="api.tests.ReqResTests" name="parseJSONResponseDataToCaptureData" time="0.139"/>
  <system-out/>
  <testcase classname="api.tests.ReqResTests" name="createUser" time="0.438"/>
  <system-out/>
  <testcase classname="api.tests.ReqResTests" name="parseJSONResponseDataThroughDirectThen" time="0.234"/>
  <system-out/>
  <testcase classname="api.tests.ReqResTests" name="getSumOfIds" time="0.162"/>
  <system-out/>
</testsuite> <!-- api.tests.ReqResTests -->
